Сборка начата 28.12.2022 17:08:50.
Уровень детализации журнала: Normal.     1>Проект "D:\software_labs\tetx_analizator\tetx-analiz\tetx-analiz\tetx-analiz.vcxproj" в узле 2 (целевые объекты Build).
     1>InitializeBuildStatus:
         Создание "x64\Debug\tetx-analiz.tlog\unsuccessfulbuild", так как было задано "AlwaysCreate".
       ClCompile:
         C:\Program Files\Microsoft Visual Studio\2022\Community\VC\Tools\MSVC\14.33.31629\bin\HostX64\x64\CL.exe /c /ZI /JMC /nologo /W3 /WX- /diagnostics:column /sdl /Od /D _DEBUG /D _CONSOLE /D _UNICODE /D UNICODE /Gm- /EHsc /RTC1 /MDd /GS /fp:precise /Zc:wchar_t /Zc:forScope /Zc:inline /permissive- /Fo"x64\Debug\\" /Fd"x64\Debug\vc143.pdb" /external:W3 /Gd /TP /FC /errorReport:prompt main_func.cpp
         main_func.cpp
     1>D:\software_labs\tetx_analizator\tetx-analiz\tetx-analiz\main_func.cpp(13,6): warning C4101: unpos: неиспользованная локальная переменная
     1>D:\software_labs\tetx_analizator\tetx-analiz\tetx-analiz\main_func.cpp(142,13): warning C4326: возвращаемый тип "main" должен быть "int", а не "void"
       Link:
         C:\Program Files\Microsoft Visual Studio\2022\Community\VC\Tools\MSVC\14.33.31629\bin\HostX64\x64\link.exe /ERRORREPORT:PROMPT /OUT:"D:\software_labs\tetx_analizator\tetx-analiz\x64\Debug\tetx-analiz.exe" /INCREMENTAL /ILK:"x64\Debug\tetx-analiz.ilk" /NOLOGO kernel32.lib user32.lib gdi32.lib winspool.lib comdlg32.lib advapi32.lib shell32.lib ole32.lib oleaut32.lib uuid.lib odbc32.lib odbccp32.lib /MANIFEST /MANIFESTUAC:"level='asInvoker' uiAccess='false'" /manifest:embed /DEBUG /PDB:"D:\software_labs\tetx_analizator\tetx-analiz\x64\Debug\tetx-analiz.pdb" /SUBSYSTEM:CONSOLE /TLBID:1 /DYNAMICBASE /NXCOMPAT /IMPLIB:"D:\software_labs\tetx_analizator\tetx-analiz\x64\Debug\tetx-analiz.lib" /MACHINE:X64 x64\Debug\main_func.obj
         tetx-analiz.vcxproj -> D:\software_labs\tetx_analizator\tetx-analiz\x64\Debug\tetx-analiz.exe
       FinalizeBuildStatus:
         Файл "x64\Debug\tetx-analiz.tlog\unsuccessfulbuild" удаляется.
         Обращение к "x64\Debug\tetx-analiz.tlog\tetx-analiz.lastbuildstate".
     1>Сборка проекта "D:\software_labs\tetx_analizator\tetx-analiz\tetx-analiz\tetx-analiz.vcxproj" завершена (целевые объекты Build).

Сборка успешно завершена.

       "D:\software_labs\tetx_analizator\tetx-analiz\tetx-analiz\tetx-analiz.vcxproj" (целевой объект Build ) (1) ->
       (Целевой объект ClCompile) -> 
         D:\software_labs\tetx_analizator\tetx-analiz\tetx-analiz\main_func.cpp(13,6): warning C4101: unpos: неиспользованная локальная переменная
         D:\software_labs\tetx_analizator\tetx-analiz\tetx-analiz\main_func.cpp(142,13): warning C4326: возвращаемый тип "main" должен быть "int", а не "void"

    Предупреждений: 2
    Ошибок: 0

Прошло времени 00:00:01.75
